Compiling the CXX compiler identification source file "CMakeCXXCompilerId.cpp" failed.
Compiler: CMAKE_CXX_COMPILER-NOTFOUND 
Build flags: 
Id flags: 

The output was:
No such file or directory


Compiling the CXX compiler identification source file "CMakeCXXCompilerId.cpp" failed.
Compiler: CMAKE_CXX_COMPILER-NOTFOUND 
Build flags: 
Id flags: -c

The output was:
No such file or directory


Determining if the pthread_create exist failed with the following output:
Change Dir: /home/wangjiawen/controller_pi/build/CMakeFiles/CMakeTmp

Run Build Command:"/usr/bin/make" "cmTC_227f4/fast"
/usr/bin/make -f CMakeFiles/cmTC_227f4.dir/build.make CMakeFiles/cmTC_227f4.dir/build
make[1]: Entering directory '/home/wangjiawen/controller_pi/build/CMakeFiles/CMakeTmp'
Building C object CMakeFiles/cmTC_227f4.dir/CheckSymbolExists.c.o
/usr/bin/cc     -o CMakeFiles/cmTC_227f4.dir/CheckSymbolExists.c.o   -c /home/wangjiawen/controller_pi/build/CMakeFiles/CMakeTmp/CheckSymbolExists.c
Linking C executable cmTC_227f4
/usr/bin/cmake -E cmake_link_script CMakeFiles/cmTC_227f4.dir/link.txt --verbose=1
/usr/bin/cc       CMakeFiles/cmTC_227f4.dir/CheckSymbolExists.c.o  -o cmTC_227f4 -rdynamic 
CMakeFiles/cmTC_227f4.dir/CheckSymbolExists.c.o：在函数‘main’中：
CheckSymbolExists.c:(.text+0x16)：对‘pthread_create’未定义的引用
collect2: error: ld returned 1 exit status
CMakeFiles/cmTC_227f4.dir/build.make:97: recipe for target 'cmTC_227f4' failed
make[1]: *** [cmTC_227f4] Error 1
make[1]: Leaving directory '/home/wangjiawen/controller_pi/build/CMakeFiles/CMakeTmp'
Makefile:126: recipe for target 'cmTC_227f4/fast' failed
make: *** [cmTC_227f4/fast] Error 2

File /home/wangjiawen/controller_pi/build/CMakeFiles/CMakeTmp/CheckSymbolExists.c:
/* */
#include <pthread.h>

int main(int argc, char** argv)
{
  (void)argv;
#ifndef pthread_create
  return ((int*)(&pthread_create))[argc];
#else
  (void)argc;
  return 0;
#endif
}

Determining if the function pthread_create exists in the pthreads failed with the following output:
Change Dir: /home/wangjiawen/controller_pi/build/CMakeFiles/CMakeTmp

Run Build Command:"/usr/bin/make" "cmTC_a9d5a/fast"
/usr/bin/make -f CMakeFiles/cmTC_a9d5a.dir/build.make CMakeFiles/cmTC_a9d5a.dir/build
make[1]: Entering directory '/home/wangjiawen/controller_pi/build/CMakeFiles/CMakeTmp'
Building C object CMakeFiles/cmTC_a9d5a.dir/CheckFunctionExists.c.o
/usr/bin/cc    -DCHECK_FUNCTION_EXISTS=pthread_create   -o CMakeFiles/cmTC_a9d5a.dir/CheckFunctionExists.c.o   -c /usr/share/cmake-3.5/Modules/CheckFunctionExists.c
Linking C executable cmTC_a9d5a
/usr/bin/cmake -E cmake_link_script CMakeFiles/cmTC_a9d5a.dir/link.txt --verbose=1
/usr/bin/cc   -DCHECK_FUNCTION_EXISTS=pthread_create    CMakeFiles/cmTC_a9d5a.dir/CheckFunctionExists.c.o  -o cmTC_a9d5a -rdynamic -lpthreads 
/usr/bin/ld: 找不到 -lpthreads
collect2: error: ld returned 1 exit status
CMakeFiles/cmTC_a9d5a.dir/build.make:97: recipe for target 'cmTC_a9d5a' failed
make[1]: *** [cmTC_a9d5a] Error 1
make[1]: Leaving directory '/home/wangjiawen/controller_pi/build/CMakeFiles/CMakeTmp'
Makefile:126: recipe for target 'cmTC_a9d5a/fast' failed
make: *** [cmTC_a9d5a/fast] Error 2


